total 692464
drwxrwxrwx 1 yosi yosi    512 Mar 29 09:30 ./
drwxrwxrwx 1 yosi yosi    512 Mar 29 10:39 ../
-rwxrwxrwx 1 yosi yosi 922840 Mar 29 08:37 class0_idx0_iou0.87.pt*
-rwxrwxrwx 1 yosi yosi 922845 Mar 29 09:03 class0_idx10_iou0.61.pt*
-rwxrwxrwx 1 yosi yosi 922845 Mar 29 09:03 class0_idx11_iou0.62.pt*
-rwxrwxrwx 1 yosi yosi 922845 Mar 29 09:03 class0_idx12_iou0.68.pt*
-rwxrwxrwx 1 yosi yosi 922845 Mar 29 09:06 class0_idx13_iou0.81.pt*
-rwxrwxrwx 1 yosi yosi 922845 Mar 29 09:08 class0_idx14_iou0.63.pt*
-rwxrwxrwx 1 yosi yosi 922845 Mar 29 09:09 class0_idx15_iou0.86.pt*
-rwxrwxrwx 1 yosi yosi 922845 Mar 29 09:09 class0_idx16_iou0.63.pt*
-rwxrwxrwx 1 yosi yosi 922845 Mar 29 09:10 class0_idx17_iou0.69.pt*
-rwxrwxrwx 1 yosi yosi 922845 Mar 29 09:11 class0_idx18_iou0.66.pt*
-rwxrwxrwx 1 yosi yosi 922845 Mar 29 09:14 class0_idx19_iou0.60.pt*
-rwxrwxrwx 1 yosi yosi 922840 Mar 29 08:41 class0_idx1_iou0.63.pt*
-rwxrwxrwx 1 yosi yosi 922845 Mar 29 09:14 class0_idx20_iou0.68.pt*
-rwxrwxrwx 1 yosi yosi 922845 Mar 29 09:19 class0_idx21_iou0.67.pt*
-rwxrwxrwx 1 yosi yosi 922845 Mar 29 09:21 class0_idx22_iou0.69.pt*
-rwxrwxrwx 1 yosi yosi 922845 Mar 29 09:21 class0_idx23_iou0.65.pt*
-rwxrwxrwx 1 yosi yosi 922845 Mar 29 09:26 class0_idx24_iou0.63.pt*
-rwxrwxrwx 1 yosi yosi 922845 Mar 29 09:26 class0_idx25_iou0.63.pt*
-rwxrwxrwx 1 yosi yosi 922845 Mar 29 09:28 class0_idx26_iou0.73.pt*
-rwxrwxrwx 1 yosi yosi 922840 Mar 29 08:43 class0_idx2_iou0.88.pt*
-rwxrwxrwx 1 yosi yosi 922840 Mar 29 08:44 class0_idx3_iou0.63.pt*
-rwxrwxrwx 1 yosi yosi 922840 Mar 29 08:47 class0_idx4_iou0.62.pt*
-rwxrwxrwx 1 yosi yosi 922840 Mar 29 08:49 class0_idx5_iou0.66.pt*
-rwxrwxrwx 1 yosi yosi 922840 Mar 29 08:58 class0_idx6_iou0.63.pt*
-rwxrwxrwx 1 yosi yosi 922840 Mar 29 08:58 class0_idx7_iou0.82.pt*
-rwxrwxrwx 1 yosi yosi 922840 Mar 29 08:59 class0_idx8_iou0.74.pt*
-rwxrwxrwx 1 yosi yosi 922840 Mar 29 09:03 class0_idx9_iou0.71.pt*
-rwxrwxrwx 1 yosi yosi 922845 Mar 29 08:30 class10_idx0_iou0.64.pt*
-rwxrwxrwx 1 yosi yosi 922919 Mar 29 09:00 class10_idx100_iou0.62.pt*
-rwxrwxrwx 1 yosi yosi 922919 Mar 29 09:01 class10_idx101_iou0.71.pt*
-rwxrwxrwx 1 yosi yosi 922919 Mar 29 09:02 class10_idx102_iou0.94.pt*
-rwxrwxrwx 1 yosi yosi 922919 Mar 29 09:03 class10_idx103_iou0.72.pt*
-rwxrwxrwx 1 yosi yosi 922919 Mar 29 09:05 class10_idx104_iou0.76.pt*
-rwxrwxrwx 1 yosi yosi 922919 Mar 29 09:05 class10_idx105_iou0.64.pt*
-rwxrwxrwx 1 yosi yosi 922919 Mar 29 09:05 class10_idx106_iou0.79.pt*
-rwxrwxrwx 1 yosi yosi 922919 Mar 29 09:05 class10_idx107_iou0.65.pt*
-rwxrwxrwx 1 yosi yosi 922919 Mar 29 09:06 class10_idx108_iou0.75.pt*
-rwxrwxrwx 1 yosi yosi 922919 Mar 29 09:06 class10_idx109_iou0.61.pt*
-rwxrwxrwx 1 yosi yosi 922850 Mar 29 08:33 class10_idx10_iou0.65.pt*
-rwxrwxrwx 1 yosi yosi 922919 Mar 29 09:06 class10_idx110_iou0.65.pt*
-rwxrwxrwx 1 yosi yosi 922919 Mar 29 09:07 class10_idx111_iou0.69.pt*
-rwxrwxrwx 1 yosi yosi 922919 Mar 29 09:07 class10_idx112_iou0.67.pt*
-rwxrwxrwx 1 yosi yosi 922919 Mar 29 09:07 class10_idx113_iou0.61.pt*
-rwxrwxrwx 1 yosi yosi 922919 Mar 29 09:08 class10_idx114_iou0.64.pt*
-rwxrwxrwx 1 yosi yosi 922919 Mar 29 09:10 class10_idx115_iou0.72.pt*
-rwxrwxrwx 1 yosi yosi 922919 Mar 29 09:12 class10_idx116_iou0.63.pt*
-rwxrwxrwx 1 yosi yosi 922919 Mar 29 09:12 class10_idx117_iou0.64.pt*
-rwxrwxrwx 1 yosi yosi 922919 Mar 29 09:13 class10_idx118_iou0.66.pt*
-rwxrwxrwx 1 yosi yosi 922919 Mar 29 09:13 class10_idx119_iou0.73.pt*
-rwxrwxrwx 1 yosi yosi 922850 Mar 29 08:33 class10_idx11_iou0.63.pt*
-rwxrwxrwx 1 yosi yosi 922919 Mar 29 09:13 class10_idx120_iou0.69.pt*
-rwxrwxrwx 1 yosi yosi 922919 Mar 29 09:13 class10_idx121_iou0.61.pt*
-rwxrwxrwx 1 yosi yosi 922919 Mar 29 09:16 class10_idx122_iou0.87.pt*
-rwxrwxrwx 1 yosi yosi 922919 Mar 29 09:16 class10_idx123_iou0.75.pt*
-rwxrwxrwx 1 yosi yosi 922919 Mar 29 09:19 class10_idx124_iou0.74.pt*
-rwxrwxrwx 1 yosi yosi 922919 Mar 29 09:20 class10_idx125_iou0.91.pt*
-rwxrwxrwx 1 yosi yosi 922919 Mar 29 09:20 class10_idx126_iou0.66.pt*
-rwxrwxrwx 1 yosi yosi 922919 Mar 29 09:21 class10_idx127_iou0.62.pt*
-rwxrwxrwx 1 yosi yosi 922919 Mar 29 09:22 class10_idx128_iou0.61.pt*
-rwxrwxrwx 1 yosi yosi 922919 Mar 29 09:22 class10_idx129_iou0.61.pt*
-rwxrwxrwx 1 yosi yosi 922850 Mar 29 08:33 class10_idx12_iou0.67.pt*
-rwxrwxrwx 1 yosi yosi 922919 Mar 29 09:23 class10_idx130_iou0.65.pt*
-rwxrwxrwx 1 yosi yosi 922919 Mar 29 09:23 class10_idx131_iou0.68.pt*
-rwxrwxrwx 1 yosi yosi 922919 Mar 29 09:24 class10_idx132_iou0.66.pt*
-rwxrwxrwx 1 yosi yosi 922919 Mar 29 09:24 class10_idx133_iou0.73.pt*
-rwxrwxrwx 1 yosi yosi 922919 Mar 29 09:24 class10_idx134_iou0.60.pt*
-rwxrwxrwx 1 yosi yosi 922919 Mar 29 09:25 class10_idx135_iou0.72.pt*
-rwxrwxrwx 1 yosi yosi 922919 Mar 29 09:25 class10_idx136_iou0.67.pt*
-rwxrwxrwx 1 yosi yosi 922919 Mar 29 09:26 class10_idx137_iou0.66.pt*
-rwxrwxrwx 1 yosi yosi 922919 Mar 29 09:26 class10_idx138_iou0.63.pt*
-rwxrwxrwx 1 yosi yosi 922919 Mar 29 09:26 class10_idx139_iou0.62.pt*
-rwxrwxrwx 1 yosi yosi 922850 Mar 29 08:33 class10_idx13_iou0.68.pt*
-rwxrwxrwx 1 yosi yosi 922919 Mar 29 09:26 class10_idx140_iou0.62.pt*
-rwxrwxrwx 1 yosi yosi 922919 Mar 29 09:26 class10_idx141_iou0.74.pt*
-rwxrwxrwx 1 yosi yosi 922919 Mar 29 09:26 class10_idx142_iou0.75.pt*
-rwxrwxrwx 1 yosi yosi 922919 Mar 29 09:26 class10_idx143_iou0.62.pt*
-rwxrwxrwx 1 yosi yosi 922919 Mar 29 09:27 class10_idx144_iou0.68.pt*
-rwxrwxrwx 1 yosi yosi 922919 Mar 29 09:27 class10_idx145_iou0.60.pt*
-rwxrwxrwx 1 yosi yosi 922919 Mar 29 09:28 class10_idx146_iou0.62.pt*
-rwxrwxrwx 1 yosi yosi 922919 Mar 29 09:28 class10_idx147_iou0.93.pt*
-rwxrwxrwx 1 yosi yosi 922919 Mar 29 09:30 class10_idx148_iou0.61.pt*
-rwxrwxrwx 1 yosi yosi 922919 Mar 29 09:30 class10_idx149_iou0.63.pt*
-rwxrwxrwx 1 yosi yosi 922850 Mar 29 08:33 class10_idx14_iou0.77.pt*
-rwxrwxrwx 1 yosi yosi 922919 Mar 29 09:30 class10_idx150_iou0.60.pt*
-rwxrwxrwx 1 yosi yosi 922850 Mar 29 08:33 class10_idx15_iou0.72.pt*
-rwxrwxrwx 1 yosi yosi 922850 Mar 29 08:34 class10_idx16_iou0.61.pt*
-rwxrwxrwx 1 yosi yosi 922850 Mar 29 08:35 class10_idx17_iou0.75.pt*
-rwxrwxrwx 1 yosi yosi 922850 Mar 29 08:35 class10_idx18_iou0.90.pt*
-rwxrwxrwx 1 yosi yosi 922850 Mar 29 08:36 class10_idx19_iou0.64.pt*
-rwxrwxrwx 1 yosi yosi 922845 Mar 29 08:30 class10_idx1_iou0.65.pt*
-rwxrwxrwx 1 yosi yosi 922850 Mar 29 08:36 class10_idx20_iou0.75.pt*
-rwxrwxrwx 1 yosi yosi 922850 Mar 29 08:36 class10_idx21_iou0.67.pt*
-rwxrwxrwx 1 yosi yosi 922850 Mar 29 08:36 class10_idx22_iou0.77.pt*
-rwxrwxrwx 1 yosi yosi 922850 Mar 29 08:36 class10_idx23_iou0.62.pt*
-rwxrwxrwx 1 yosi yosi 922850 Mar 29 08:36 class10_idx24_iou0.63.pt*
-rwxrwxrwx 1 yosi yosi 922850 Mar 29 08:37 class10_idx25_iou0.76.pt*
-rwxrwxrwx 1 yosi yosi 922850 Mar 29 08:37 class10_idx26_iou0.76.pt*
-rwxrwxrwx 1 yosi yosi 922850 Mar 29 08:37 class10_idx27_iou0.68.pt*
-rwxrwxrwx 1 yosi yosi 922850 Mar 29 08:38 class10_idx28_iou0.63.pt*
-rwxrwxrwx 1 yosi yosi 922850 Mar 29 08:38 class10_idx29_iou0.79.pt*
-rwxrwxrwx 1 yosi yosi 922845 Mar 29 08:31 class10_idx2_iou0.61.pt*
-rwxrwxrwx 1 yosi yosi 922850 Mar 29 08:38 class10_idx30_iou0.64.pt*
-rwxrwxrwx 1 yosi yosi 922850 Mar 29 08:38 class10_idx31_iou0.64.pt*
-rwxrwxrwx 1 yosi yosi 922850 Mar 29 08:40 class10_idx32_iou0.86.pt*
-rwxrwxrwx 1 yosi yosi 922850 Mar 29 08:40 class10_idx33_iou0.71.pt*
-rwxrwxrwx 1 yosi yosi 922850 Mar 29 08:41 class10_idx34_iou0.61.pt*
-rwxrwxrwx 1 yosi yosi 922850 Mar 29 08:41 class10_idx35_iou0.74.pt*
-rwxrwxrwx 1 yosi yosi 922850 Mar 29 08:41 class10_idx36_iou0.67.pt*
-rwxrwxrwx 1 yosi yosi 922850 Mar 29 08:41 class10_idx37_iou0.68.pt*
-rwxrwxrwx 1 yosi yosi 922850 Mar 29 08:41 class10_idx38_iou0.86.pt*
-rwxrwxrwx 1 yosi yosi 922850 Mar 29 08:41 class10_idx39_iou0.64.pt*
-rwxrwxrwx 1 yosi yosi 922845 Mar 29 08:31 class10_idx3_iou0.69.pt*
-rwxrwxrwx 1 yosi yosi 922850 Mar 29 08:41 class10_idx40_iou0.67.pt*
-rwxrwxrwx 1 yosi yosi 922850 Mar 29 08:43 class10_idx41_iou0.66.pt*
-rwxrwxrwx 1 yosi yosi 922850 Mar 29 08:43 class10_idx42_iou0.65.pt*
-rwxrwxrwx 1 yosi yosi 922850 Mar 29 08:43 class10_idx43_iou0.61.pt*
-rwxrwxrwx 1 yosi yosi 922850 Mar 29 08:43 class10_idx44_iou0.66.pt*
-rwxrwxrwx 1 yosi yosi 922850 Mar 29 08:44 class10_idx45_iou0.67.pt*
-rwxrwxrwx 1 yosi yosi 922850 Mar 29 08:45 class10_idx46_iou0.65.pt*
-rwxrwxrwx 1 yosi yosi 922850 Mar 29 08:45 class10_idx47_iou0.67.pt*
-rwxrwxrwx 1 yosi yosi 922850 Mar 29 08:45 class10_idx48_iou0.76.pt*
-rwxrwxrwx 1 yosi yosi 922850 Mar 29 08:45 class10_idx49_iou0.60.pt*
-rwxrwxrwx 1 yosi yosi 922845 Mar 29 08:31 class10_idx4_iou0.64.pt*
-rwxrwxrwx 1 yosi yosi 922850 Mar 29 08:45 class10_idx50_iou0.61.pt*
-rwxrwxrwx 1 yosi yosi 922850 Mar 29 08:46 class10_idx51_iou0.64.pt*
-rwxrwxrwx 1 yosi yosi 922850 Mar 29 08:46 class10_idx52_iou0.67.pt*
-rwxrwxrwx 1 yosi yosi 922850 Mar 29 08:47 class10_idx53_iou0.84.pt*
-rwxrwxrwx 1 yosi yosi 922850 Mar 29 08:47 class10_idx54_iou0.61.pt*
-rwxrwxrwx 1 yosi yosi 922850 Mar 29 08:47 class10_idx55_iou0.81.pt*
-rwxrwxrwx 1 yosi yosi 922850 Mar 29 08:47 class10_idx56_iou0.63.pt*
-rwxrwxrwx 1 yosi yosi 922850 Mar 29 08:47 class10_idx57_iou0.68.pt*
-rwxrwxrwx 1 yosi yosi 922850 Mar 29 08:47 class10_idx58_iou0.61.pt*
-rwxrwxrwx 1 yosi yosi 922850 Mar 29 08:48 class10_idx59_iou0.62.pt*
-rwxrwxrwx 1 yosi yosi 922845 Mar 29 08:31 class10_idx5_iou0.69.pt*
-rwxrwxrwx 1 yosi yosi 922850 Mar 29 08:48 class10_idx60_iou0.63.pt*
-rwxrwxrwx 1 yosi yosi 922850 Mar 29 08:48 class10_idx61_iou0.65.pt*
-rwxrwxrwx 1 yosi yosi 922850 Mar 29 08:48 class10_idx62_iou0.62.pt*
-rwxrwxrwx 1 yosi yosi 922850 Mar 29 08:49 class10_idx63_iou0.69.pt*
-rwxrwxrwx 1 yosi yosi 922850 Mar 29 08:49 class10_idx64_iou0.63.pt*
-rwxrwxrwx 1 yosi yosi 922850 Mar 29 08:49 class10_idx65_iou0.68.pt*
-rwxrwxrwx 1 yosi yosi 922850 Mar 29 08:50 class10_idx66_iou0.61.pt*
-rwxrwxrwx 1 yosi yosi 922850 Mar 29 08:50 class10_idx67_iou0.77.pt*
-rwxrwxrwx 1 yosi yosi 922850 Mar 29 08:50 class10_idx68_iou0.61.pt*
-rwxrwxrwx 1 yosi yosi 922850 Mar 29 08:51 class10_idx69_iou0.62.pt*
-rwxrwxrwx 1 yosi yosi 922845 Mar 29 08:31 class10_idx6_iou0.87.pt*
-rwxrwxrwx 1 yosi yosi 922850 Mar 29 08:51 class10_idx70_iou0.66.pt*
-rwxrwxrwx 1 yosi yosi 922850 Mar 29 08:51 class10_idx71_iou0.68.pt*
-rwxrwxrwx 1 yosi yosi 922850 Mar 29 08:51 class10_idx72_iou0.65.pt*
-rwxrwxrwx 1 yosi yosi 922850 Mar 29 08:51 class10_idx73_iou0.78.pt*
-rwxrwxrwx 1 yosi yosi 922850 Mar 29 08:51 class10_idx74_iou0.63.pt*
-rwxrwxrwx 1 yosi yosi 922850 Mar 29 08:51 class10_idx75_iou0.72.pt*
-rwxrwxrwx 1 yosi yosi 922850 Mar 29 08:52 class10_idx76_iou0.64.pt*
-rwxrwxrwx 1 yosi yosi 922850 Mar 29 08:52 class10_idx77_iou0.65.pt*
-rwxrwxrwx 1 yosi yosi 922850 Mar 29 08:52 class10_idx78_iou0.64.pt*
-rwxrwxrwx 1 yosi yosi 922850 Mar 29 08:52 class10_idx79_iou0.62.pt*
-rwxrwxrwx 1 yosi yosi 922845 Mar 29 08:32 class10_idx7_iou0.61.pt*
-rwxrwxrwx 1 yosi yosi 922850 Mar 29 08:53 class10_idx80_iou0.65.pt*
-rwxrwxrwx 1 yosi yosi 922850 Mar 29 08:53 class10_idx81_iou0.67.pt*
-rwxrwxrwx 1 yosi yosi 922850 Mar 29 08:53 class10_idx82_iou0.76.pt*
-rwxrwxrwx 1 yosi yosi 922850 Mar 29 08:53 class10_idx83_iou0.63.pt*
-rwxrwxrwx 1 yosi yosi 922850 Mar 29 08:53 class10_idx84_iou0.62.pt*
-rwxrwxrwx 1 yosi yosi 922850 Mar 29 08:54 class10_idx85_iou0.83.pt*
-rwxrwxrwx 1 yosi yosi 922850 Mar 29 08:54 class10_idx86_iou0.60.pt*
-rwxrwxrwx 1 yosi yosi 922850 Mar 29 08:54 class10_idx87_iou0.60.pt*
-rwxrwxrwx 1 yosi yosi 922850 Mar 29 08:54 class10_idx88_iou0.70.pt*
-rwxrwxrwx 1 yosi yosi 922850 Mar 29 08:55 class10_idx89_iou0.69.pt*
-rwxrwxrwx 1 yosi yosi 922845 Mar 29 08:32 class10_idx8_iou0.68.pt*
-rwxrwxrwx 1 yosi yosi 922850 Mar 29 08:56 class10_idx90_iou0.66.pt*
-rwxrwxrwx 1 yosi yosi 922850 Mar 29 08:56 class10_idx91_iou0.63.pt*
-rwxrwxrwx 1 yosi yosi 922850 Mar 29 08:56 class10_idx92_iou0.73.pt*
-rwxrwxrwx 1 yosi yosi 922850 Mar 29 08:56 class10_idx93_iou0.70.pt*
-rwxrwxrwx 1 yosi yosi 922850 Mar 29 08:57 class10_idx94_iou0.60.pt*
-rwxrwxrwx 1 yosi yosi 922850 Mar 29 08:57 class10_idx95_iou0.68.pt*
-rwxrwxrwx 1 yosi yosi 922850 Mar 29 08:57 class10_idx96_iou0.73.pt*
-rwxrwxrwx 1 yosi yosi 922850 Mar 29 08:58 class10_idx97_iou0.61.pt*
-rwxrwxrwx 1 yosi yosi 922850 Mar 29 08:59 class10_idx98_iou0.62.pt*
-rwxrwxrwx 1 yosi yosi 922850 Mar 29 09:00 class10_idx99_iou0.75.pt*
-rwxrwxrwx 1 yosi yosi 922845 Mar 29 08:32 class10_idx9_iou0.82.pt*
-rwxrwxrwx 1 yosi yosi 922845 Mar 29 08:31 class11_idx0_iou0.87.pt*
-rwxrwxrwx 1 yosi yosi 922850 Mar 29 08:39 class11_idx10_iou0.68.pt*
-rwxrwxrwx 1 yosi yosi 922850 Mar 29 08:39 class11_idx11_iou0.63.pt*
-rwxrwxrwx 1 yosi yosi 922850 Mar 29 08:41 class11_idx12_iou0.77.pt*
-rwxrwxrwx 1 yosi yosi 922850 Mar 29 08:41 class11_idx13_iou0.65.pt*
-rwxrwxrwx 1 yosi yosi 922850 Mar 29 08:44 class11_idx14_iou0.72.pt*
-rwxrwxrwx 1 yosi yosi 922850 Mar 29 08:45 class11_idx15_iou0.99.pt*
-rwxrwxrwx 1 yosi yosi 922850 Mar 29 08:46 class11_idx16_iou0.63.pt*
-rwxrwxrwx 1 yosi yosi 922850 Mar 29 08:47 class11_idx17_iou0.70.pt*
-rwxrwxrwx 1 yosi yosi 922850 Mar 29 08:49 class11_idx18_iou0.63.pt*
-rwxrwxrwx 1 yosi yosi 922850 Mar 29 08:55 class11_idx19_iou0.65.pt*
-rwxrwxrwx 1 yosi yosi 922845 Mar 29 08:31 class11_idx1_iou0.71.pt*
-rwxrwxrwx 1 yosi yosi 922850 Mar 29 08:57 class11_idx20_iou0.76.pt*
-rwxrwxrwx 1 yosi yosi 922850 Mar 29 08:57 class11_idx21_iou0.74.pt*
-rwxrwxrwx 1 yosi yosi 922850 Mar 29 09:00 class11_idx22_iou0.62.pt*
-rwxrwxrwx 1 yosi yosi 922850 Mar 29 09:01 class11_idx23_iou0.77.pt*
-rwxrwxrwx 1 yosi yosi 922850 Mar 29 09:01 class11_idx24_iou0.65.pt*
-rwxrwxrwx 1 yosi yosi 922850 Mar 29 09:02 class11_idx25_iou0.70.pt*
-rwxrwxrwx 1 yosi yosi 922850 Mar 29 09:02 class11_idx26_iou0.83.pt*
-rwxrwxrwx 1 yosi yosi 922850 Mar 29 09:03 class11_idx27_iou0.68.pt*
-rwxrwxrwx 1 yosi yosi 922850 Mar 29 09:03 class11_idx28_iou0.82.pt*
-rwxrwxrwx 1 yosi yosi 922850 Mar 29 09:04 class11_idx29_iou0.71.pt*
-rwxrwxrwx 1 yosi yosi 922845 Mar 29 08:31 class11_idx2_iou0.64.pt*
-rwxrwxrwx 1 yosi yosi 922850 Mar 29 09:05 class11_idx30_iou0.67.pt*
-rwxrwxrwx 1 yosi yosi 922850 Mar 29 09:05 class11_idx31_iou0.63.pt*
-rwxrwxrwx 1 yosi yosi 922850 Mar 29 09:07 class11_idx32_iou0.66.pt*
-rwxrwxrwx 1 yosi yosi 922850 Mar 29 09:09 class11_idx33_iou0.72.pt*
-rwxrwxrwx 1 yosi yosi 922850 Mar 29 09:09 class11_idx34_iou0.61.pt*
-rwxrwxrwx 1 yosi yosi 922850 Mar 29 09:10 class11_idx35_iou0.80.pt*
-rwxrwxrwx 1 yosi yosi 922850 Mar 29 09:12 class11_idx36_iou0.65.pt*
-rwxrwxrwx 1 yosi yosi 922850 Mar 29 09:14 class11_idx37_iou0.62.pt*
-rwxrwxrwx 1 yosi yosi 922850 Mar 29 09:15 class11_idx38_iou0.70.pt*
-rwxrwxrwx 1 yosi yosi 922850 Mar 29 09:17 class11_idx39_iou0.87.pt*
-rwxrwxrwx 1 yosi yosi 922845 Mar 29 08:31 class11_idx3_iou0.68.pt*
-rwxrwxrwx 1 yosi yosi 922850 Mar 29 09:19 class11_idx40_iou0.64.pt*
-rwxrwxrwx 1 yosi yosi 922850 Mar 29 09:24 class11_idx41_iou0.61.pt*
-rwxrwxrwx 1 yosi yosi 922850 Mar 29 09:24 class11_idx42_iou0.63.pt*
-rwxrwxrwx 1 yosi yosi 922850 Mar 29 09:26 class11_idx43_iou0.72.pt*
-rwxrwxrwx 1 yosi yosi 922850 Mar 29 09:27 class11_idx44_iou0.68.pt*
-rwxrwxrwx 1 yosi yosi 922850 Mar 29 09:27 class11_idx45_iou0.64.pt*
-rwxrwxrwx 1 yosi yosi 922850 Mar 29 09:28 class11_idx46_iou0.63.pt*
-rwxrwxrwx 1 yosi yosi 922850 Mar 29 09:28 class11_idx47_iou0.65.pt*
-rwxrwxrwx 1 yosi yosi 922850 Mar 29 09:29 class11_idx48_iou0.68.pt*
-rwxrwxrwx 1 yosi yosi 922850 Mar 29 09:30 class11_idx49_iou0.75.pt*
-rwxrwxrwx 1 yosi yosi 922845 Mar 29 08:35 class11_idx4_iou0.86.pt*
-rwxrwxrwx 1 yosi yosi 922845 Mar 29 08:37 class11_idx5_iou0.65.pt*
-rwxrwxrwx 1 yosi yosi 922845 Mar 29 08:37 class11_idx6_iou0.68.pt*
-rwxrwxrwx 1 yosi yosi 922845 Mar 29 08:38 class11_idx7_iou0.60.pt*
-rwxrwxrwx 1 yosi yosi 922845 Mar 29 08:38 class11_idx8_iou0.66.pt*
-rwxrwxrwx 1 yosi yosi 922845 Mar 29 08:39 class11_idx9_iou0.80.pt*
-rwxrwxrwx 1 yosi yosi 922845 Mar 29 08:34 class12_idx0_iou0.62.pt*
-rwxrwxrwx 1 yosi yosi 922850 Mar 29 09:21 class12_idx10_iou0.93.pt*
-rwxrwxrwx 1 yosi yosi 922850 Mar 29 09:21 class12_idx11_iou0.70.pt*
-rwxrwxrwx 1 yosi yosi 922850 Mar 29 09:23 class12_idx12_iou0.71.pt*
-rwxrwxrwx 1 yosi yosi 922850 Mar 29 09:28 class12_idx13_iou0.65.pt*
-rwxrwxrwx 1 yosi yosi 922845 Mar 29 08:36 class12_idx1_iou0.77.pt*
-rwxrwxrwx 1 yosi yosi 922845 Mar 29 09:03 class12_idx2_iou0.61.pt*
-rwxrwxrwx 1 yosi yosi 922845 Mar 29 09:11 class12_idx3_iou0.62.pt*
-rwxrwxrwx 1 yosi yosi 922845 Mar 29 09:13 class12_idx4_iou0.61.pt*
-rwxrwxrwx 1 yosi yosi 922845 Mar 29 09:15 class12_idx5_iou0.63.pt*
-rwxrwxrwx 1 yosi yosi 922845 Mar 29 09:16 class12_idx6_iou0.67.pt*
-rwxrwxrwx 1 yosi yosi 922845 Mar 29 09:18 class12_idx7_iou0.96.pt*
-rwxrwxrwx 1 yosi yosi 922845 Mar 29 09:20 class12_idx8_iou0.72.pt*
-rwxrwxrwx 1 yosi yosi 922845 Mar 29 09:21 class12_idx9_iou0.65.pt*
-rwxrwxrwx 1 yosi yosi 922845 Mar 29 08:34 class13_idx0_iou0.68.pt*
-rwxrwxrwx 1 yosi yosi 922850 Mar 29 09:01 class13_idx10_iou0.60.pt*
-rwxrwxrwx 1 yosi yosi 922850 Mar 29 09:03 class13_idx11_iou0.84.pt*
-rwxrwxrwx 1 yosi yosi 922850 Mar 29 09:04 class13_idx12_iou0.60.pt*
-rwxrwxrwx 1 yosi yosi 922850 Mar 29 09:04 class13_idx13_iou0.66.pt*
-rwxrwxrwx 1 yosi yosi 922850 Mar 29 09:04 class13_idx14_iou0.63.pt*
-rwxrwxrwx 1 yosi yosi 922850 Mar 29 09:04 class13_idx15_iou0.65.pt*
-rwxrwxrwx 1 yosi yosi 922850 Mar 29 09:04 class13_idx16_iou0.83.pt*
-rwxrwxrwx 1 yosi yosi 922850 Mar 29 09:04 class13_idx17_iou0.65.pt*
-rwxrwxrwx 1 yosi yosi 922850 Mar 29 09:10 class13_idx18_iou0.79.pt*
-rwxrwxrwx 1 yosi yosi 922850 Mar 29 09:10 class13_idx19_iou0.68.pt*
-rwxrwxrwx 1 yosi yosi 922845 Mar 29 08:35 class13_idx1_iou0.72.pt*
-rwxrwxrwx 1 yosi yosi 922850 Mar 29 09:11 class13_idx20_iou0.81.pt*
-rwxrwxrwx 1 yosi yosi 922850 Mar 29 09:16 class13_idx21_iou0.60.pt*
-rwxrwxrwx 1 yosi yosi 922850 Mar 29 09:16 class13_idx22_iou0.65.pt*
-rwxrwxrwx 1 yosi yosi 922850 Mar 29 09:18 class13_idx23_iou0.77.pt*
-rwxrwxrwx 1 yosi yosi 922850 Mar 29 09:21 class13_idx24_iou0.68.pt*
-rwxrwxrwx 1 yosi yosi 922850 Mar 29 09:22 class13_idx25_iou0.80.pt*
-rwxrwxrwx 1 yosi yosi 922845 Mar 29 08:35 class13_idx2_iou0.66.pt*
-rwxrwxrwx 1 yosi yosi 922845 Mar 29 08:39 class13_idx3_iou0.61.pt*
-rwxrwxrwx 1 yosi yosi 922845 Mar 29 08:40 class13_idx4_iou0.72.pt*
-rwxrwxrwx 1 yosi yosi 922845 Mar 29 08:43 class13_idx5_iou0.65.pt*
-rwxrwxrwx 1 yosi yosi 922845 Mar 29 08:45 class13_idx6_iou0.66.pt*
-rwxrwxrwx 1 yosi yosi 922845 Mar 29 08:48 class13_idx7_iou0.64.pt*
-rwxrwxrwx 1 yosi yosi 922845 Mar 29 08:52 class13_idx8_iou0.62.pt*
-rwxrwxrwx 1 yosi yosi 922845 Mar 29 08:56 class13_idx9_iou0.61.pt*
-rwxrwxrwx 1 yosi yosi 922845 Mar 29 08:30 class14_idx0_iou0.67.pt*
-rwxrwxrwx 1 yosi yosi 922850 Mar 29 08:41 class14_idx10_iou0.64.pt*
-rwxrwxrwx 1 yosi yosi 922850 Mar 29 08:42 class14_idx11_iou0.86.pt*
-rwxrwxrwx 1 yosi yosi 922850 Mar 29 08:42 class14_idx12_iou0.75.pt*
-rwxrwxrwx 1 yosi yosi 922850 Mar 29 08:43 class14_idx13_iou0.80.pt*
-rwxrwxrwx 1 yosi yosi 922850 Mar 29 08:43 class14_idx14_iou0.68.pt*
-rwxrwxrwx 1 yosi yosi 922850 Mar 29 08:44 class14_idx15_iou0.70.pt*
-rwxrwxrwx 1 yosi yosi 922850 Mar 29 08:44 class14_idx16_iou0.62.pt*
-rwxrwxrwx 1 yosi yosi 922850 Mar 29 08:45 class14_idx17_iou0.70.pt*
-rwxrwxrwx 1 yosi yosi 922850 Mar 29 08:45 class14_idx18_iou0.66.pt*
-rwxrwxrwx 1 yosi yosi 922850 Mar 29 08:46 class14_idx19_iou0.65.pt*
-rwxrwxrwx 1 yosi yosi 922845 Mar 29 08:31 class14_idx1_iou0.63.pt*
-rwxrwxrwx 1 yosi yosi 922850 Mar 29 08:47 class14_idx20_iou0.76.pt*
-rwxrwxrwx 1 yosi yosi 922850 Mar 29 08:48 class14_idx21_iou0.70.pt*
-rwxrwxrwx 1 yosi yosi 922850 Mar 29 08:49 class14_idx22_iou0.72.pt*
-rwxrwxrwx 1 yosi yosi 922850 Mar 29 08:51 class14_idx23_iou0.65.pt*
-rwxrwxrwx 1 yosi yosi 922850 Mar 29 08:52 class14_idx24_iou0.73.pt*
-rwxrwxrwx 1 yosi yosi 922850 Mar 29 08:54 class14_idx25_iou0.63.pt*
-rwxrwxrwx 1 yosi yosi 922850 Mar 29 08:54 class14_idx26_iou0.62.pt*
-rwxrwxrwx 1 yosi yosi 922850 Mar 29 08:54 class14_idx27_iou0.70.pt*
-rwxrwxrwx 1 yosi yosi 922850 Mar 29 08:54 class14_idx28_iou0.69.pt*
-rwxrwxrwx 1 yosi yosi 922850 Mar 29 08:54 class14_idx29_iou0.66.pt*
-rwxrwxrwx 1 yosi yosi 922845 Mar 29 08:33 class14_idx2_iou0.73.pt*
-rwxrwxrwx 1 yosi yosi 922850 Mar 29 08:55 class14_idx30_iou0.63.pt*
-rwxrwxrwx 1 yosi yosi 922850 Mar 29 08:55 class14_idx31_iou0.65.pt*
-rwxrwxrwx 1 yosi yosi 922850 Mar 29 08:55 class14_idx32_iou0.62.pt*
-rwxrwxrwx 1 yosi yosi 922850 Mar 29 08:56 class14_idx33_iou0.67.pt*
-rwxrwxrwx 1 yosi yosi 922850 Mar 29 08:56 class14_idx34_iou0.64.pt*
-rwxrwxrwx 1 yosi yosi 922850 Mar 29 08:57 class14_idx35_iou0.64.pt*
-rwxrwxrwx 1 yosi yosi 922850 Mar 29 08:57 class14_idx36_iou0.81.pt*
-rwxrwxrwx 1 yosi yosi 922850 Mar 29 08:57 class14_idx37_iou0.71.pt*
-rwxrwxrwx 1 yosi yosi 922850 Mar 29 08:57 class14_idx38_iou0.64.pt*
-rwxrwxrwx 1 yosi yosi 922850 Mar 29 08:58 class14_idx39_iou0.90.pt*
-rwxrwxrwx 1 yosi yosi 922845 Mar 29 08:37 class14_idx3_iou0.74.pt*
-rwxrwxrwx 1 yosi yosi 922850 Mar 29 08:58 class14_idx40_iou0.88.pt*
-rwxrwxrwx 1 yosi yosi 922850 Mar 29 09:00 class14_idx41_iou0.61.pt*
-rwxrwxrwx 1 yosi yosi 922850 Mar 29 09:00 class14_idx42_iou0.64.pt*
-rwxrwxrwx 1 yosi yosi 922850 Mar 29 09:00 class14_idx43_iou0.77.pt*
-rwxrwxrwx 1 yosi yosi 922850 Mar 29 09:01 class14_idx44_iou0.61.pt*
-rwxrwxrwx 1 yosi yosi 922850 Mar 29 09:01 class14_idx45_iou0.61.pt*
-rwxrwxrwx 1 yosi yosi 922850 Mar 29 09:02 class14_idx46_iou0.63.pt*
-rwxrwxrwx 1 yosi yosi 922850 Mar 29 09:02 class14_idx47_iou0.60.pt*
-rwxrwxrwx 1 yosi yosi 922850 Mar 29 09:02 class14_idx48_iou0.62.pt*
-rwxrwxrwx 1 yosi yosi 922850 Mar 29 09:04 class14_idx49_iou0.72.pt*
-rwxrwxrwx 1 yosi yosi 922845 Mar 29 08:38 class14_idx4_iou0.68.pt*
-rwxrwxrwx 1 yosi yosi 922850 Mar 29 09:04 class14_idx50_iou0.85.pt*
-rwxrwxrwx 1 yosi yosi 922850 Mar 29 09:06 class14_idx51_iou0.62.pt*
-rwxrwxrwx 1 yosi yosi 922850 Mar 29 09:07 class14_idx52_iou0.77.pt*
-rwxrwxrwx 1 yosi yosi 922850 Mar 29 09:07 class14_idx53_iou0.76.pt*
-rwxrwxrwx 1 yosi yosi 922850 Mar 29 09:07 class14_idx54_iou0.68.pt*
-rwxrwxrwx 1 yosi yosi 922850 Mar 29 09:09 class14_idx55_iou0.80.pt*
-rwxrwxrwx 1 yosi yosi 922850 Mar 29 09:10 class14_idx56_iou0.65.pt*
-rwxrwxrwx 1 yosi yosi 922850 Mar 29 09:10 class14_idx57_iou0.60.pt*
-rwxrwxrwx 1 yosi yosi 922850 Mar 29 09:11 class14_idx58_iou0.62.pt*
-rwxrwxrwx 1 yosi yosi 922850 Mar 29 09:12 class14_idx59_iou0.79.pt*
-rwxrwxrwx 1 yosi yosi 922845 Mar 29 08:40 class14_idx5_iou0.65.pt*
-rwxrwxrwx 1 yosi yosi 922850 Mar 29 09:13 class14_idx60_iou0.65.pt*
-rwxrwxrwx 1 yosi yosi 922850 Mar 29 09:13 class14_idx61_iou0.67.pt*
-rwxrwxrwx 1 yosi yosi 922850 Mar 29 09:13 class14_idx62_iou0.66.pt*
-rwxrwxrwx 1 yosi yosi 922850 Mar 29 09:13 class14_idx63_iou0.75.pt*
-rwxrwxrwx 1 yosi yosi 922850 Mar 29 09:13 class14_idx64_iou0.70.pt*
-rwxrwxrwx 1 yosi yosi 922850 Mar 29 09:16 class14_idx65_iou0.73.pt*
-rwxrwxrwx 1 yosi yosi 922850 Mar 29 09:17 class14_idx66_iou0.67.pt*
-rwxrwxrwx 1 yosi yosi 922850 Mar 29 09:17 class14_idx67_iou0.66.pt*
-rwxrwxrwx 1 yosi yosi 922850 Mar 29 09:17 class14_idx68_iou0.62.pt*
-rwxrwxrwx 1 yosi yosi 922850 Mar 29 09:17 class14_idx69_iou0.60.pt*
-rwxrwxrwx 1 yosi yosi 922845 Mar 29 08:40 class14_idx6_iou0.71.pt*
-rwxrwxrwx 1 yosi yosi 922850 Mar 29 09:19 class14_idx70_iou0.67.pt*
-rwxrwxrwx 1 yosi yosi 922850 Mar 29 09:21 class14_idx71_iou0.64.pt*
-rwxrwxrwx 1 yosi yosi 922850 Mar 29 09:21 class14_idx72_iou0.67.pt*
-rwxrwxrwx 1 yosi yosi 922850 Mar 29 09:21 class14_idx73_iou0.62.pt*
-rwxrwxrwx 1 yosi yosi 922850 Mar 29 09:23 class14_idx74_iou0.87.pt*
-rwxrwxrwx 1 yosi yosi 922850 Mar 29 09:23 class14_idx75_iou0.63.pt*
-rwxrwxrwx 1 yosi yosi 922850 Mar 29 09:24 class14_idx76_iou0.72.pt*
-rwxrwxrwx 1 yosi yosi 922850 Mar 29 09:24 class14_idx77_iou0.76.pt*
-rwxrwxrwx 1 yosi yosi 922850 Mar 29 09:25 class14_idx78_iou0.80.pt*
-rwxrwxrwx 1 yosi yosi 922850 Mar 29 09:25 class14_idx79_iou0.65.pt*
-rwxrwxrwx 1 yosi yosi 922845 Mar 29 08:40 class14_idx7_iou0.65.pt*
-rwxrwxrwx 1 yosi yosi 922850 Mar 29 09:25 class14_idx80_iou0.64.pt*
-rwxrwxrwx 1 yosi yosi 922850 Mar 29 09:26 class14_idx81_iou0.72.pt*
-rwxrwxrwx 1 yosi yosi 922850 Mar 29 09:26 class14_idx82_iou0.63.pt*
-rwxrwxrwx 1 yosi yosi 922850 Mar 29 09:27 class14_idx83_iou0.72.pt*
-rwxrwxrwx 1 yosi yosi 922850 Mar 29 09:28 class14_idx84_iou0.66.pt*
-rwxrwxrwx 1 yosi yosi 922850 Mar 29 09:29 class14_idx85_iou0.61.pt*
-rwxrwxrwx 1 yosi yosi 922850 Mar 29 09:29 class14_idx86_iou0.66.pt*
-rwxrwxrwx 1 yosi yosi 922850 Mar 29 09:29 class14_idx87_iou0.77.pt*
-rwxrwxrwx 1 yosi yosi 922850 Mar 29 09:29 class14_idx88_iou0.60.pt*
-rwxrwxrwx 1 yosi yosi 922850 Mar 29 09:29 class14_idx89_iou0.75.pt*
-rwxrwxrwx 1 yosi yosi 922845 Mar 29 08:41 class14_idx8_iou0.85.pt*
-rwxrwxrwx 1 yosi yosi 922850 Mar 29 09:30 class14_idx90_iou0.73.pt*
-rwxrwxrwx 1 yosi yosi 922845 Mar 29 08:41 class14_idx9_iou0.86.pt*
-rwxrwxrwx 1 yosi yosi 922840 Mar 29 08:32 class1_idx0_iou0.61.pt*
-rwxrwxrwx 1 yosi yosi 922845 Mar 29 09:17 class1_idx10_iou0.64.pt*
-rwxrwxrwx 1 yosi yosi 922845 Mar 29 09:19 class1_idx11_iou0.62.pt*
-rwxrwxrwx 1 yosi yosi 922845 Mar 29 09:24 class1_idx12_iou0.85.pt*
-rwxrwxrwx 1 yosi yosi 922845 Mar 29 09:25 class1_idx13_iou0.73.pt*
-rwxrwxrwx 1 yosi yosi 922845 Mar 29 09:25 class1_idx14_iou0.69.pt*
-rwxrwxrwx 1 yosi yosi 922840 Mar 29 08:53 class1_idx1_iou0.62.pt*
-rwxrwxrwx 1 yosi yosi 922840 Mar 29 08:55 class1_idx2_iou0.66.pt*
-rwxrwxrwx 1 yosi yosi 922840 Mar 29 08:57 class1_idx3_iou0.88.pt*
-rwxrwxrwx 1 yosi yosi 922840 Mar 29 09:04 class1_idx4_iou0.79.pt*
-rwxrwxrwx 1 yosi yosi 922840 Mar 29 09:08 class1_idx5_iou0.85.pt*
-rwxrwxrwx 1 yosi yosi 922840 Mar 29 09:09 class1_idx6_iou0.67.pt*
-rwxrwxrwx 1 yosi yosi 922840 Mar 29 09:12 class1_idx7_iou0.68.pt*
-rwxrwxrwx 1 yosi yosi 922840 Mar 29 09:13 class1_idx8_iou0.62.pt*
-rwxrwxrwx 1 yosi yosi 922840 Mar 29 09:13 class1_idx9_iou0.63.pt*
-rwxrwxrwx 1 yosi yosi 922840 Mar 29 08:30 class2_idx0_iou0.66.pt*
-rwxrwxrwx 1 yosi yosi 922845 Mar 29 08:44 class2_idx10_iou0.67.pt*
-rwxrwxrwx 1 yosi yosi 922845 Mar 29 08:55 class2_idx11_iou0.89.pt*
-rwxrwxrwx 1 yosi yosi 922845 Mar 29 08:58 class2_idx12_iou0.61.pt*
-rwxrwxrwx 1 yosi yosi 922845 Mar 29 08:59 class2_idx13_iou0.62.pt*
-rwxrwxrwx 1 yosi yosi 922845 Mar 29 09:01 class2_idx14_iou0.64.pt*
-rwxrwxrwx 1 yosi yosi 922845 Mar 29 09:01 class2_idx15_iou0.72.pt*
-rwxrwxrwx 1 yosi yosi 922845 Mar 29 09:01 class2_idx16_iou0.73.pt*
-rwxrwxrwx 1 yosi yosi 922845 Mar 29 09:02 class2_idx17_iou0.67.pt*
-rwxrwxrwx 1 yosi yosi 922845 Mar 29 09:05 class2_idx18_iou0.67.pt*
-rwxrwxrwx 1 yosi yosi 922845 Mar 29 09:07 class2_idx19_iou0.68.pt*
-rwxrwxrwx 1 yosi yosi 922840 Mar 29 08:30 class2_idx1_iou0.60.pt*
-rwxrwxrwx 1 yosi yosi 922845 Mar 29 09:09 class2_idx20_iou0.65.pt*
-rwxrwxrwx 1 yosi yosi 922845 Mar 29 09:12 class2_idx21_iou0.76.pt*
-rwxrwxrwx 1 yosi yosi 922845 Mar 29 09:21 class2_idx22_iou0.68.pt*
-rwxrwxrwx 1 yosi yosi 922845 Mar 29 09:23 class2_idx23_iou0.61.pt*
-rwxrwxrwx 1 yosi yosi 922845 Mar 29 09:24 class2_idx24_iou0.63.pt*
-rwxrwxrwx 1 yosi yosi 922845 Mar 29 09:27 class2_idx25_iou0.90.pt*
-rwxrwxrwx 1 yosi yosi 922845 Mar 29 09:27 class2_idx26_iou0.87.pt*
-rwxrwxrwx 1 yosi yosi 922840 Mar 29 08:31 class2_idx2_iou0.77.pt*
-rwxrwxrwx 1 yosi yosi 922840 Mar 29 08:32 class2_idx3_iou0.82.pt*
-rwxrwxrwx 1 yosi yosi 922840 Mar 29 08:36 class2_idx4_iou0.87.pt*
-rwxrwxrwx 1 yosi yosi 922840 Mar 29 08:37 class2_idx5_iou0.61.pt*
-rwxrwxrwx 1 yosi yosi 922840 Mar 29 08:37 class2_idx6_iou0.62.pt*
-rwxrwxrwx 1 yosi yosi 922840 Mar 29 08:37 class2_idx7_iou0.76.pt*
-rwxrwxrwx 1 yosi yosi 922840 Mar 29 08:38 class2_idx8_iou0.62.pt*
-rwxrwxrwx 1 yosi yosi 922840 Mar 29 08:43 class2_idx9_iou0.79.pt*
-rwxrwxrwx 1 yosi yosi 922840 Mar 29 08:31 class3_idx0_iou0.68.pt*
-rwxrwxrwx 1 yosi yosi 922845 Mar 29 08:41 class3_idx10_iou0.62.pt*
-rwxrwxrwx 1 yosi yosi 922845 Mar 29 08:42 class3_idx11_iou0.67.pt*
-rwxrwxrwx 1 yosi yosi 922845 Mar 29 08:42 class3_idx12_iou0.68.pt*
-rwxrwxrwx 1 yosi yosi 922845 Mar 29 08:42 class3_idx13_iou0.64.pt*
-rwxrwxrwx 1 yosi yosi 922845 Mar 29 08:43 class3_idx14_iou0.80.pt*
-rwxrwxrwx 1 yosi yosi 922845 Mar 29 08:46 class3_idx15_iou0.68.pt*
-rwxrwxrwx 1 yosi yosi 922845 Mar 29 08:48 class3_idx16_iou0.85.pt*
-rwxrwxrwx 1 yosi yosi 922845 Mar 29 08:48 class3_idx17_iou0.62.pt*
-rwxrwxrwx 1 yosi yosi 922845 Mar 29 08:53 class3_idx18_iou0.67.pt*
-rwxrwxrwx 1 yosi yosi 922845 Mar 29 08:57 class3_idx19_iou0.72.pt*
-rwxrwxrwx 1 yosi yosi 922840 Mar 29 08:32 class3_idx1_iou0.66.pt*
-rwxrwxrwx 1 yosi yosi 922845 Mar 29 08:58 class3_idx20_iou0.71.pt*
-rwxrwxrwx 1 yosi yosi 922845 Mar 29 08:58 class3_idx21_iou0.64.pt*
-rwxrwxrwx 1 yosi yosi 922845 Mar 29 08:58 class3_idx22_iou0.75.pt*
-rwxrwxrwx 1 yosi yosi 922845 Mar 29 08:59 class3_idx23_iou0.64.pt*
-rwxrwxrwx 1 yosi yosi 922845 Mar 29 08:59 class3_idx24_iou0.78.pt*
-rwxrwxrwx 1 yosi yosi 922845 Mar 29 09:00 class3_idx25_iou0.67.pt*
-rwxrwxrwx 1 yosi yosi 922845 Mar 29 09:01 class3_idx26_iou0.61.pt*
-rwxrwxrwx 1 yosi yosi 922845 Mar 29 09:02 class3_idx27_iou0.61.pt*
-rwxrwxrwx 1 yosi yosi 922845 Mar 29 09:04 class3_idx28_iou0.80.pt*
-rwxrwxrwx 1 yosi yosi 922845 Mar 29 09:05 class3_idx29_iou0.69.pt*
-rwxrwxrwx 1 yosi yosi 922840 Mar 29 08:32 class3_idx2_iou0.79.pt*
-rwxrwxrwx 1 yosi yosi 922845 Mar 29 09:05 class3_idx30_iou0.77.pt*
-rwxrwxrwx 1 yosi yosi 922845 Mar 29 09:06 class3_idx31_iou0.61.pt*
-rwxrwxrwx 1 yosi yosi 922845 Mar 29 09:06 class3_idx32_iou0.66.pt*
-rwxrwxrwx 1 yosi yosi 922845 Mar 29 09:07 class3_idx33_iou0.77.pt*
-rwxrwxrwx 1 yosi yosi 922845 Mar 29 09:09 class3_idx34_iou0.61.pt*
-rwxrwxrwx 1 yosi yosi 922845 Mar 29 09:12 class3_idx35_iou0.66.pt*
-rwxrwxrwx 1 yosi yosi 922845 Mar 29 09:13 class3_idx36_iou0.70.pt*
-rwxrwxrwx 1 yosi yosi 922845 Mar 29 09:15 class3_idx37_iou0.64.pt*
-rwxrwxrwx 1 yosi yosi 922845 Mar 29 09:17 class3_idx38_iou0.70.pt*
-rwxrwxrwx 1 yosi yosi 922845 Mar 29 09:17 class3_idx39_iou0.66.pt*
-rwxrwxrwx 1 yosi yosi 922840 Mar 29 08:33 class3_idx3_iou0.67.pt*
-rwxrwxrwx 1 yosi yosi 922845 Mar 29 09:21 class3_idx40_iou0.73.pt*
-rwxrwxrwx 1 yosi yosi 922845 Mar 29 09:24 class3_idx41_iou0.71.pt*
-rwxrwxrwx 1 yosi yosi 922845 Mar 29 09:24 class3_idx42_iou0.84.pt*
-rwxrwxrwx 1 yosi yosi 922845 Mar 29 09:27 class3_idx43_iou0.82.pt*
-rwxrwxrwx 1 yosi yosi 922845 Mar 29 09:28 class3_idx44_iou0.84.pt*
-rwxrwxrwx 1 yosi yosi 922845 Mar 29 09:29 class3_idx45_iou0.66.pt*
-rwxrwxrwx 1 yosi yosi 922845 Mar 29 09:29 class3_idx46_iou0.74.pt*
-rwxrwxrwx 1 yosi yosi 922845 Mar 29 09:29 class3_idx47_iou0.88.pt*
-rwxrwxrwx 1 yosi yosi 922845 Mar 29 09:30 class3_idx48_iou0.73.pt*
-rwxrwxrwx 1 yosi yosi 922845 Mar 29 09:30 class3_idx49_iou0.87.pt*
-rwxrwxrwx 1 yosi yosi 922840 Mar 29 08:33 class3_idx4_iou0.66.pt*
-rwxrwxrwx 1 yosi yosi 922840 Mar 29 08:34 class3_idx5_iou0.70.pt*
-rwxrwxrwx 1 yosi yosi 922840 Mar 29 08:35 class3_idx6_iou0.63.pt*
-rwxrwxrwx 1 yosi yosi 922840 Mar 29 08:35 class3_idx7_iou0.76.pt*
-rwxrwxrwx 1 yosi yosi 922840 Mar 29 08:38 class3_idx8_iou0.65.pt*
-rwxrwxrwx 1 yosi yosi 922840 Mar 29 08:39 class3_idx9_iou0.62.pt*
-rwxrwxrwx 1 yosi yosi 922840 Mar 29 08:30 class4_idx0_iou0.64.pt*
-rwxrwxrwx 1 yosi yosi 922845 Mar 29 08:41 class4_idx10_iou0.68.pt*
-rwxrwxrwx 1 yosi yosi 922845 Mar 29 08:43 class4_idx11_iou0.84.pt*
-rwxrwxrwx 1 yosi yosi 922845 Mar 29 08:44 class4_idx12_iou0.67.pt*
-rwxrwxrwx 1 yosi yosi 922845 Mar 29 08:44 class4_idx13_iou0.73.pt*
-rwxrwxrwx 1 yosi yosi 922845 Mar 29 08:46 class4_idx14_iou0.63.pt*
-rwxrwxrwx 1 yosi yosi 922845 Mar 29 08:48 class4_idx15_iou0.77.pt*
-rwxrwxrwx 1 yosi yosi 922845 Mar 29 08:48 class4_idx16_iou0.67.pt*
-rwxrwxrwx 1 yosi yosi 922845 Mar 29 08:50 class4_idx17_iou0.65.pt*
-rwxrwxrwx 1 yosi yosi 922845 Mar 29 08:51 class4_idx18_iou0.60.pt*
-rwxrwxrwx 1 yosi yosi 922845 Mar 29 08:59 class4_idx19_iou0.89.pt*
-rwxrwxrwx 1 yosi yosi 922840 Mar 29 08:31 class4_idx1_iou0.68.pt*
-rwxrwxrwx 1 yosi yosi 922845 Mar 29 09:02 class4_idx20_iou0.79.pt*
-rwxrwxrwx 1 yosi yosi 922845 Mar 29 09:03 class4_idx21_iou0.60.pt*
-rwxrwxrwx 1 yosi yosi 922845 Mar 29 09:06 class4_idx22_iou0.80.pt*
-rwxrwxrwx 1 yosi yosi 922845 Mar 29 09:07 class4_idx23_iou0.67.pt*
-rwxrwxrwx 1 yosi yosi 922845 Mar 29 09:11 class4_idx24_iou0.61.pt*
-rwxrwxrwx 1 yosi yosi 922845 Mar 29 09:11 class4_idx25_iou0.88.pt*
-rwxrwxrwx 1 yosi yosi 922845 Mar 29 09:12 class4_idx26_iou0.79.pt*
-rwxrwxrwx 1 yosi yosi 922845 Mar 29 09:12 class4_idx27_iou0.63.pt*
-rwxrwxrwx 1 yosi yosi 922845 Mar 29 09:12 class4_idx28_iou0.76.pt*
-rwxrwxrwx 1 yosi yosi 922845 Mar 29 09:13 class4_idx29_iou0.81.pt*
-rwxrwxrwx 1 yosi yosi 922840 Mar 29 08:31 class4_idx2_iou0.66.pt*
-rwxrwxrwx 1 yosi yosi 922845 Mar 29 09:13 class4_idx30_iou0.68.pt*
-rwxrwxrwx 1 yosi yosi 922845 Mar 29 09:13 class4_idx31_iou0.67.pt*
-rwxrwxrwx 1 yosi yosi 922845 Mar 29 09:14 class4_idx32_iou0.74.pt*
-rwxrwxrwx 1 yosi yosi 922845 Mar 29 09:14 class4_idx33_iou0.62.pt*
-rwxrwxrwx 1 yosi yosi 922845 Mar 29 09:15 class4_idx34_iou0.62.pt*
-rwxrwxrwx 1 yosi yosi 922845 Mar 29 09:15 class4_idx35_iou0.74.pt*
-rwxrwxrwx 1 yosi yosi 922845 Mar 29 09:15 class4_idx36_iou0.70.pt*
-rwxrwxrwx 1 yosi yosi 922845 Mar 29 09:16 class4_idx37_iou0.77.pt*
-rwxrwxrwx 1 yosi yosi 922845 Mar 29 09:17 class4_idx38_iou0.66.pt*
-rwxrwxrwx 1 yosi yosi 922845 Mar 29 09:19 class4_idx39_iou0.70.pt*
-rwxrwxrwx 1 yosi yosi 922840 Mar 29 08:32 class4_idx3_iou0.68.pt*
-rwxrwxrwx 1 yosi yosi 922845 Mar 29 09:20 class4_idx40_iou0.61.pt*
-rwxrwxrwx 1 yosi yosi 922845 Mar 29 09:20 class4_idx41_iou0.87.pt*
-rwxrwxrwx 1 yosi yosi 922845 Mar 29 09:20 class4_idx42_iou0.61.pt*
-rwxrwxrwx 1 yosi yosi 922845 Mar 29 09:22 class4_idx43_iou0.63.pt*
-rwxrwxrwx 1 yosi yosi 922845 Mar 29 09:23 class4_idx44_iou0.76.pt*
-rwxrwxrwx 1 yosi yosi 922845 Mar 29 09:23 class4_idx45_iou0.60.pt*
-rwxrwxrwx 1 yosi yosi 922845 Mar 29 09:25 class4_idx46_iou0.62.pt*
-rwxrwxrwx 1 yosi yosi 922845 Mar 29 09:26 class4_idx47_iou0.91.pt*
-rwxrwxrwx 1 yosi yosi 922845 Mar 29 09:27 class4_idx48_iou0.70.pt*
-rwxrwxrwx 1 yosi yosi 922845 Mar 29 09:27 class4_idx49_iou0.71.pt*
-rwxrwxrwx 1 yosi yosi 922840 Mar 29 08:32 class4_idx4_iou0.62.pt*
-rwxrwxrwx 1 yosi yosi 922845 Mar 29 09:29 class4_idx50_iou0.61.pt*
-rwxrwxrwx 1 yosi yosi 922845 Mar 29 09:29 class4_idx51_iou0.86.pt*
-rwxrwxrwx 1 yosi yosi 922840 Mar 29 08:33 class4_idx5_iou0.93.pt*
-rwxrwxrwx 1 yosi yosi 922840 Mar 29 08:34 class4_idx6_iou0.79.pt*
-rwxrwxrwx 1 yosi yosi 922840 Mar 29 08:40 class4_idx7_iou0.61.pt*
-rwxrwxrwx 1 yosi yosi 922840 Mar 29 08:40 class4_idx8_iou0.88.pt*
-rwxrwxrwx 1 yosi yosi 922840 Mar 29 08:41 class4_idx9_iou0.60.pt*
-rwxrwxrwx 1 yosi yosi 922840 Mar 29 08:31 class5_idx0_iou0.70.pt*
-rwxrwxrwx 1 yosi yosi 922845 Mar 29 08:40 class5_idx10_iou0.64.pt*
-rwxrwxrwx 1 yosi yosi 922845 Mar 29 08:41 class5_idx11_iou0.68.pt*
-rwxrwxrwx 1 yosi yosi 922845 Mar 29 08:42 class5_idx12_iou0.66.pt*
-rwxrwxrwx 1 yosi yosi 922845 Mar 29 08:42 class5_idx13_iou0.62.pt*
-rwxrwxrwx 1 yosi yosi 922845 Mar 29 08:45 class5_idx14_iou0.61.pt*
-rwxrwxrwx 1 yosi yosi 922845 Mar 29 08:45 class5_idx15_iou0.84.pt*
-rwxrwxrwx 1 yosi yosi 922845 Mar 29 08:45 class5_idx16_iou0.75.pt*
-rwxrwxrwx 1 yosi yosi 922845 Mar 29 08:45 class5_idx17_iou0.75.pt*
-rwxrwxrwx 1 yosi yosi 922845 Mar 29 08:46 class5_idx18_iou0.73.pt*
-rwxrwxrwx 1 yosi yosi 922845 Mar 29 08:48 class5_idx19_iou0.61.pt*
-rwxrwxrwx 1 yosi yosi 922840 Mar 29 08:33 class5_idx1_iou0.67.pt*
-rwxrwxrwx 1 yosi yosi 922845 Mar 29 08:49 class5_idx20_iou0.80.pt*
-rwxrwxrwx 1 yosi yosi 922845 Mar 29 08:49 class5_idx21_iou0.73.pt*
-rwxrwxrwx 1 yosi yosi 922845 Mar 29 08:50 class5_idx22_iou0.62.pt*
-rwxrwxrwx 1 yosi yosi 922845 Mar 29 08:52 class5_idx23_iou0.62.pt*
-rwxrwxrwx 1 yosi yosi 922845 Mar 29 08:52 class5_idx24_iou0.87.pt*
-rwxrwxrwx 1 yosi yosi 922845 Mar 29 08:52 class5_idx25_iou0.60.pt*
-rwxrwxrwx 1 yosi yosi 922845 Mar 29 08:52 class5_idx26_iou0.61.pt*
-rwxrwxrwx 1 yosi yosi 922845 Mar 29 08:54 class5_idx27_iou0.84.pt*
-rwxrwxrwx 1 yosi yosi 922845 Mar 29 08:55 class5_idx28_iou0.71.pt*
-rwxrwxrwx 1 yosi yosi 922845 Mar 29 08:56 class5_idx29_iou0.87.pt*
-rwxrwxrwx 1 yosi yosi 922840 Mar 29 08:33 class5_idx2_iou0.73.pt*
-rwxrwxrwx 1 yosi yosi 922845 Mar 29 08:56 class5_idx30_iou0.61.pt*
-rwxrwxrwx 1 yosi yosi 922845 Mar 29 08:56 class5_idx31_iou0.65.pt*
-rwxrwxrwx 1 yosi yosi 922845 Mar 29 08:58 class5_idx32_iou0.65.pt*
-rwxrwxrwx 1 yosi yosi 922845 Mar 29 08:58 class5_idx33_iou0.62.pt*
-rwxrwxrwx 1 yosi yosi 922845 Mar 29 08:58 class5_idx34_iou0.73.pt*
-rwxrwxrwx 1 yosi yosi 922845 Mar 29 08:59 class5_idx35_iou0.61.pt*
-rwxrwxrwx 1 yosi yosi 922845 Mar 29 09:00 class5_idx36_iou0.84.pt*
-rwxrwxrwx 1 yosi yosi 922845 Mar 29 09:00 class5_idx37_iou0.64.pt*
-rwxrwxrwx 1 yosi yosi 922845 Mar 29 09:01 class5_idx38_iou0.77.pt*
-rwxrwxrwx 1 yosi yosi 922845 Mar 29 09:01 class5_idx39_iou0.60.pt*
-rwxrwxrwx 1 yosi yosi 922840 Mar 29 08:33 class5_idx3_iou0.90.pt*
-rwxrwxrwx 1 yosi yosi 922845 Mar 29 09:01 class5_idx40_iou0.78.pt*
-rwxrwxrwx 1 yosi yosi 922845 Mar 29 09:02 class5_idx41_iou0.64.pt*
-rwxrwxrwx 1 yosi yosi 922845 Mar 29 09:02 class5_idx42_iou0.65.pt*
-rwxrwxrwx 1 yosi yosi 922845 Mar 29 09:02 class5_idx43_iou0.68.pt*
-rwxrwxrwx 1 yosi yosi 922845 Mar 29 09:03 class5_idx44_iou0.80.pt*
-rwxrwxrwx 1 yosi yosi 922845 Mar 29 09:03 class5_idx45_iou0.65.pt*
-rwxrwxrwx 1 yosi yosi 922845 Mar 29 09:04 class5_idx46_iou0.71.pt*
-rwxrwxrwx 1 yosi yosi 922845 Mar 29 09:04 class5_idx47_iou0.73.pt*
-rwxrwxrwx 1 yosi yosi 922845 Mar 29 09:04 class5_idx48_iou0.70.pt*
-rwxrwxrwx 1 yosi yosi 922845 Mar 29 09:05 class5_idx49_iou0.64.pt*
-rwxrwxrwx 1 yosi yosi 922840 Mar 29 08:33 class5_idx4_iou0.62.pt*
-rwxrwxrwx 1 yosi yosi 922845 Mar 29 09:05 class5_idx50_iou0.62.pt*
-rwxrwxrwx 1 yosi yosi 922845 Mar 29 09:06 class5_idx51_iou0.68.pt*
-rwxrwxrwx 1 yosi yosi 922845 Mar 29 09:06 class5_idx52_iou0.64.pt*
-rwxrwxrwx 1 yosi yosi 922845 Mar 29 09:06 class5_idx53_iou0.67.pt*
-rwxrwxrwx 1 yosi yosi 922845 Mar 29 09:06 class5_idx54_iou0.69.pt*
-rwxrwxrwx 1 yosi yosi 922845 Mar 29 09:07 class5_idx55_iou0.67.pt*
-rwxrwxrwx 1 yosi yosi 922845 Mar 29 09:08 class5_idx56_iou0.85.pt*
-rwxrwxrwx 1 yosi yosi 922845 Mar 29 09:08 class5_idx57_iou0.62.pt*
-rwxrwxrwx 1 yosi yosi 922845 Mar 29 09:10 class5_idx58_iou0.84.pt*
-rwxrwxrwx 1 yosi yosi 922845 Mar 29 09:10 class5_idx59_iou0.62.pt*
-rwxrwxrwx 1 yosi yosi 922840 Mar 29 08:33 class5_idx5_iou0.65.pt*
-rwxrwxrwx 1 yosi yosi 922845 Mar 29 09:11 class5_idx60_iou0.83.pt*
-rwxrwxrwx 1 yosi yosi 922845 Mar 29 09:12 class5_idx61_iou0.60.pt*
-rwxrwxrwx 1 yosi yosi 922845 Mar 29 09:12 class5_idx62_iou0.64.pt*
-rwxrwxrwx 1 yosi yosi 922845 Mar 29 09:13 class5_idx63_iou0.66.pt*
-rwxrwxrwx 1 yosi yosi 922845 Mar 29 09:13 class5_idx64_iou0.62.pt*
-rwxrwxrwx 1 yosi yosi 922845 Mar 29 09:13 class5_idx65_iou0.88.pt*
-rwxrwxrwx 1 yosi yosi 922845 Mar 29 09:13 class5_idx66_iou0.61.pt*
-rwxrwxrwx 1 yosi yosi 922845 Mar 29 09:16 class5_idx67_iou0.61.pt*
-rwxrwxrwx 1 yosi yosi 922845 Mar 29 09:16 class5_idx68_iou0.76.pt*
-rwxrwxrwx 1 yosi yosi 922845 Mar 29 09:17 class5_idx69_iou0.88.pt*
-rwxrwxrwx 1 yosi yosi 922840 Mar 29 08:38 class5_idx6_iou0.96.pt*
-rwxrwxrwx 1 yosi yosi 922845 Mar 29 09:18 class5_idx70_iou0.76.pt*
-rwxrwxrwx 1 yosi yosi 922845 Mar 29 09:18 class5_idx71_iou0.74.pt*
-rwxrwxrwx 1 yosi yosi 922845 Mar 29 09:18 class5_idx72_iou0.73.pt*
-rwxrwxrwx 1 yosi yosi 922845 Mar 29 09:19 class5_idx73_iou0.65.pt*
-rwxrwxrwx 1 yosi yosi 922845 Mar 29 09:19 class5_idx74_iou0.64.pt*
-rwxrwxrwx 1 yosi yosi 922845 Mar 29 09:19 class5_idx75_iou0.72.pt*
-rwxrwxrwx 1 yosi yosi 922845 Mar 29 09:20 class5_idx76_iou0.70.pt*
-rwxrwxrwx 1 yosi yosi 922845 Mar 29 09:20 class5_idx77_iou0.68.pt*
-rwxrwxrwx 1 yosi yosi 922845 Mar 29 09:20 class5_idx78_iou0.79.pt*
-rwxrwxrwx 1 yosi yosi 922845 Mar 29 09:21 class5_idx79_iou0.61.pt*
-rwxrwxrwx 1 yosi yosi 922840 Mar 29 08:38 class5_idx7_iou0.70.pt*
-rwxrwxrwx 1 yosi yosi 922845 Mar 29 09:21 class5_idx80_iou0.70.pt*
-rwxrwxrwx 1 yosi yosi 922845 Mar 29 09:21 class5_idx81_iou0.63.pt*
-rwxrwxrwx 1 yosi yosi 922845 Mar 29 09:22 class5_idx82_iou0.61.pt*
-rwxrwxrwx 1 yosi yosi 922845 Mar 29 09:22 class5_idx83_iou0.83.pt*
-rwxrwxrwx 1 yosi yosi 922845 Mar 29 09:22 class5_idx84_iou0.75.pt*
-rwxrwxrwx 1 yosi yosi 922845 Mar 29 09:23 class5_idx85_iou0.61.pt*
-rwxrwxrwx 1 yosi yosi 922845 Mar 29 09:23 class5_idx86_iou0.61.pt*
-rwxrwxrwx 1 yosi yosi 922845 Mar 29 09:23 class5_idx87_iou0.82.pt*
-rwxrwxrwx 1 yosi yosi 922845 Mar 29 09:23 class5_idx88_iou0.66.pt*
-rwxrwxrwx 1 yosi yosi 922845 Mar 29 09:23 class5_idx89_iou0.75.pt*
-rwxrwxrwx 1 yosi yosi 922840 Mar 29 08:38 class5_idx8_iou0.61.pt*
-rwxrwxrwx 1 yosi yosi 922845 Mar 29 09:24 class5_idx90_iou0.67.pt*
-rwxrwxrwx 1 yosi yosi 922845 Mar 29 09:24 class5_idx91_iou0.72.pt*
-rwxrwxrwx 1 yosi yosi 922845 Mar 29 09:25 class5_idx92_iou0.75.pt*
-rwxrwxrwx 1 yosi yosi 922845 Mar 29 09:25 class5_idx93_iou0.61.pt*
-rwxrwxrwx 1 yosi yosi 922845 Mar 29 09:25 class5_idx94_iou0.64.pt*
-rwxrwxrwx 1 yosi yosi 922845 Mar 29 09:26 class5_idx95_iou0.63.pt*
-rwxrwxrwx 1 yosi yosi 922845 Mar 29 09:27 class5_idx96_iou0.73.pt*
-rwxrwxrwx 1 yosi yosi 922845 Mar 29 09:29 class5_idx97_iou0.74.pt*
-rwxrwxrwx 1 yosi yosi 922845 Mar 29 09:30 class5_idx98_iou0.80.pt*
-rwxrwxrwx 1 yosi yosi 922840 Mar 29 08:40 class5_idx9_iou0.63.pt*
-rwxrwxrwx 1 yosi yosi 922840 Mar 29 08:30 class6_idx0_iou0.61.pt*
-rwxrwxrwx 1 yosi yosi 922845 Mar 29 08:42 class6_idx10_iou0.77.pt*
-rwxrwxrwx 1 yosi yosi 922845 Mar 29 08:42 class6_idx11_iou0.80.pt*
-rwxrwxrwx 1 yosi yosi 922845 Mar 29 08:42 class6_idx12_iou0.93.pt*
-rwxrwxrwx 1 yosi yosi 922845 Mar 29 08:43 class6_idx13_iou0.72.pt*
-rwxrwxrwx 1 yosi yosi 922845 Mar 29 08:44 class6_idx14_iou0.68.pt*
-rwxrwxrwx 1 yosi yosi 922845 Mar 29 08:46 class6_idx15_iou0.62.pt*
-rwxrwxrwx 1 yosi yosi 922845 Mar 29 08:46 class6_idx16_iou0.80.pt*
-rwxrwxrwx 1 yosi yosi 922845 Mar 29 08:58 class6_idx17_iou0.67.pt*
-rwxrwxrwx 1 yosi yosi 922845 Mar 29 08:59 class6_idx18_iou0.66.pt*
-rwxrwxrwx 1 yosi yosi 922845 Mar 29 09:00 class6_idx19_iou0.68.pt*
-rwxrwxrwx 1 yosi yosi 922840 Mar 29 08:32 class6_idx1_iou0.65.pt*
-rwxrwxrwx 1 yosi yosi 922845 Mar 29 09:04 class6_idx20_iou0.79.pt*
-rwxrwxrwx 1 yosi yosi 922845 Mar 29 09:05 class6_idx21_iou0.67.pt*
-rwxrwxrwx 1 yosi yosi 922845 Mar 29 09:06 class6_idx22_iou0.64.pt*
-rwxrwxrwx 1 yosi yosi 922845 Mar 29 09:06 class6_idx23_iou0.77.pt*
-rwxrwxrwx 1 yosi yosi 922845 Mar 29 09:07 class6_idx24_iou0.64.pt*
-rwxrwxrwx 1 yosi yosi 922845 Mar 29 09:08 class6_idx25_iou0.63.pt*
-rwxrwxrwx 1 yosi yosi 922845 Mar 29 09:10 class6_idx26_iou0.63.pt*
-rwxrwxrwx 1 yosi yosi 922845 Mar 29 09:12 class6_idx27_iou0.63.pt*
-rwxrwxrwx 1 yosi yosi 922845 Mar 29 09:16 class6_idx28_iou0.62.pt*
-rwxrwxrwx 1 yosi yosi 922845 Mar 29 09:18 class6_idx29_iou0.64.pt*
-rwxrwxrwx 1 yosi yosi 922840 Mar 29 08:33 class6_idx2_iou0.75.pt*
-rwxrwxrwx 1 yosi yosi 922845 Mar 29 09:18 class6_idx30_iou0.74.pt*
-rwxrwxrwx 1 yosi yosi 922845 Mar 29 09:22 class6_idx31_iou0.76.pt*
-rwxrwxrwx 1 yosi yosi 922845 Mar 29 09:23 class6_idx32_iou0.64.pt*
-rwxrwxrwx 1 yosi yosi 922845 Mar 29 09:26 class6_idx33_iou0.81.pt*
-rwxrwxrwx 1 yosi yosi 922845 Mar 29 09:26 class6_idx34_iou0.63.pt*
-rwxrwxrwx 1 yosi yosi 922845 Mar 29 09:27 class6_idx35_iou0.83.pt*
-rwxrwxrwx 1 yosi yosi 922845 Mar 29 09:28 class6_idx36_iou0.62.pt*
-rwxrwxrwx 1 yosi yosi 922845 Mar 29 09:30 class6_idx37_iou0.66.pt*
-rwxrwxrwx 1 yosi yosi 922840 Mar 29 08:33 class6_idx3_iou0.61.pt*
-rwxrwxrwx 1 yosi yosi 922840 Mar 29 08:34 class6_idx4_iou0.76.pt*
-rwxrwxrwx 1 yosi yosi 922840 Mar 29 08:35 class6_idx5_iou0.84.pt*
-rwxrwxrwx 1 yosi yosi 922840 Mar 29 08:38 class6_idx6_iou0.65.pt*
-rwxrwxrwx 1 yosi yosi 922840 Mar 29 08:38 class6_idx7_iou0.69.pt*
-rwxrwxrwx 1 yosi yosi 922840 Mar 29 08:40 class6_idx8_iou0.77.pt*
-rwxrwxrwx 1 yosi yosi 922840 Mar 29 08:42 class6_idx9_iou0.74.pt*
-rwxrwxrwx 1 yosi yosi 922840 Mar 29 08:44 class7_idx0_iou0.63.pt*
-rwxrwxrwx 1 yosi yosi 922840 Mar 29 09:03 class7_idx1_iou0.61.pt*
-rwxrwxrwx 1 yosi yosi 922840 Mar 29 09:03 class7_idx2_iou0.66.pt*
-rwxrwxrwx 1 yosi yosi 922840 Mar 29 09:03 class7_idx3_iou0.67.pt*
-rwxrwxrwx 1 yosi yosi 922840 Mar 29 09:07 class7_idx4_iou0.71.pt*
-rwxrwxrwx 1 yosi yosi 922840 Mar 29 09:11 class7_idx5_iou0.74.pt*
-rwxrwxrwx 1 yosi yosi 922840 Mar 29 09:15 class7_idx6_iou0.64.pt*
-rwxrwxrwx 1 yosi yosi 922840 Mar 29 09:19 class7_idx7_iou0.74.pt*
-rwxrwxrwx 1 yosi yosi 922840 Mar 29 08:34 class8_idx0_iou0.68.pt*
-rwxrwxrwx 1 yosi yosi 922845 Mar 29 08:42 class8_idx10_iou0.80.pt*
-rwxrwxrwx 1 yosi yosi 922845 Mar 29 08:43 class8_idx11_iou0.66.pt*
-rwxrwxrwx 1 yosi yosi 922845 Mar 29 08:43 class8_idx12_iou0.61.pt*
-rwxrwxrwx 1 yosi yosi 922845 Mar 29 08:44 class8_idx13_iou0.93.pt*
-rwxrwxrwx 1 yosi yosi 922845 Mar 29 08:44 class8_idx14_iou0.78.pt*
-rwxrwxrwx 1 yosi yosi 922845 Mar 29 08:44 class8_idx15_iou0.60.pt*
-rwxrwxrwx 1 yosi yosi 922845 Mar 29 08:45 class8_idx16_iou0.75.pt*
-rwxrwxrwx 1 yosi yosi 922845 Mar 29 08:45 class8_idx17_iou0.76.pt*
-rwxrwxrwx 1 yosi yosi 922845 Mar 29 08:45 class8_idx18_iou0.72.pt*
-rwxrwxrwx 1 yosi yosi 922845 Mar 29 08:45 class8_idx19_iou0.61.pt*
-rwxrwxrwx 1 yosi yosi 922840 Mar 29 08:35 class8_idx1_iou0.64.pt*
-rwxrwxrwx 1 yosi yosi 922845 Mar 29 08:46 class8_idx20_iou0.89.pt*
-rwxrwxrwx 1 yosi yosi 922845 Mar 29 08:46 class8_idx21_iou0.70.pt*
-rwxrwxrwx 1 yosi yosi 922845 Mar 29 08:46 class8_idx22_iou0.67.pt*
-rwxrwxrwx 1 yosi yosi 922845 Mar 29 08:47 class8_idx23_iou0.75.pt*
-rwxrwxrwx 1 yosi yosi 922845 Mar 29 08:47 class8_idx24_iou0.65.pt*
-rwxrwxrwx 1 yosi yosi 922845 Mar 29 08:47 class8_idx25_iou0.67.pt*
-rwxrwxrwx 1 yosi yosi 922845 Mar 29 08:48 class8_idx26_iou0.82.pt*
-rwxrwxrwx 1 yosi yosi 922845 Mar 29 08:48 class8_idx27_iou0.72.pt*
-rwxrwxrwx 1 yosi yosi 922845 Mar 29 08:49 class8_idx28_iou0.61.pt*
-rwxrwxrwx 1 yosi yosi 922845 Mar 29 08:50 class8_idx29_iou0.70.pt*
-rwxrwxrwx 1 yosi yosi 922840 Mar 29 08:36 class8_idx2_iou0.60.pt*
-rwxrwxrwx 1 yosi yosi 922845 Mar 29 08:51 class8_idx30_iou0.60.pt*
-rwxrwxrwx 1 yosi yosi 922845 Mar 29 08:51 class8_idx31_iou0.98.pt*
-rwxrwxrwx 1 yosi yosi 922845 Mar 29 08:55 class8_idx32_iou0.60.pt*
-rwxrwxrwx 1 yosi yosi 922845 Mar 29 08:55 class8_idx33_iou0.61.pt*
-rwxrwxrwx 1 yosi yosi 922845 Mar 29 08:57 class8_idx34_iou0.76.pt*
-rwxrwxrwx 1 yosi yosi 922845 Mar 29 08:58 class8_idx35_iou0.61.pt*
-rwxrwxrwx 1 yosi yosi 922845 Mar 29 08:59 class8_idx36_iou0.63.pt*
-rwxrwxrwx 1 yosi yosi 922845 Mar 29 09:01 class8_idx37_iou0.65.pt*
-rwxrwxrwx 1 yosi yosi 922845 Mar 29 09:01 class8_idx38_iou0.77.pt*
-rwxrwxrwx 1 yosi yosi 922845 Mar 29 09:02 class8_idx39_iou0.61.pt*
-rwxrwxrwx 1 yosi yosi 922840 Mar 29 08:36 class8_idx3_iou0.62.pt*
-rwxrwxrwx 1 yosi yosi 922845 Mar 29 09:02 class8_idx40_iou0.73.pt*
-rwxrwxrwx 1 yosi yosi 922845 Mar 29 09:04 class8_idx41_iou0.67.pt*
-rwxrwxrwx 1 yosi yosi 922845 Mar 29 09:06 class8_idx42_iou0.63.pt*
-rwxrwxrwx 1 yosi yosi 922845 Mar 29 09:06 class8_idx43_iou0.81.pt*
-rwxrwxrwx 1 yosi yosi 922845 Mar 29 09:06 class8_idx44_iou0.62.pt*
-rwxrwxrwx 1 yosi yosi 922845 Mar 29 09:07 class8_idx45_iou0.69.pt*
-rwxrwxrwx 1 yosi yosi 922845 Mar 29 09:10 class8_idx46_iou0.73.pt*
-rwxrwxrwx 1 yosi yosi 922845 Mar 29 09:11 class8_idx47_iou0.60.pt*
-rwxrwxrwx 1 yosi yosi 922845 Mar 29 09:12 class8_idx48_iou0.82.pt*
-rwxrwxrwx 1 yosi yosi 922845 Mar 29 09:12 class8_idx49_iou0.80.pt*
-rwxrwxrwx 1 yosi yosi 922840 Mar 29 08:36 class8_idx4_iou0.63.pt*
-rwxrwxrwx 1 yosi yosi 922845 Mar 29 09:12 class8_idx50_iou0.60.pt*
-rwxrwxrwx 1 yosi yosi 922845 Mar 29 09:14 class8_idx51_iou0.78.pt*
-rwxrwxrwx 1 yosi yosi 922845 Mar 29 09:16 class8_idx52_iou0.66.pt*
-rwxrwxrwx 1 yosi yosi 922845 Mar 29 09:16 class8_idx53_iou0.64.pt*
-rwxrwxrwx 1 yosi yosi 922845 Mar 29 09:16 class8_idx54_iou0.63.pt*
-rwxrwxrwx 1 yosi yosi 922845 Mar 29 09:17 class8_idx55_iou0.64.pt*
-rwxrwxrwx 1 yosi yosi 922845 Mar 29 09:17 class8_idx56_iou0.67.pt*
-rwxrwxrwx 1 yosi yosi 922845 Mar 29 09:17 class8_idx57_iou0.61.pt*
-rwxrwxrwx 1 yosi yosi 922845 Mar 29 09:17 class8_idx58_iou0.61.pt*
-rwxrwxrwx 1 yosi yosi 922845 Mar 29 09:17 class8_idx59_iou0.75.pt*
-rwxrwxrwx 1 yosi yosi 922840 Mar 29 08:36 class8_idx5_iou0.84.pt*
-rwxrwxrwx 1 yosi yosi 922845 Mar 29 09:17 class8_idx60_iou0.80.pt*
-rwxrwxrwx 1 yosi yosi 922845 Mar 29 09:18 class8_idx61_iou0.64.pt*
-rwxrwxrwx 1 yosi yosi 922845 Mar 29 09:18 class8_idx62_iou0.95.pt*
-rwxrwxrwx 1 yosi yosi 922845 Mar 29 09:19 class8_idx63_iou0.63.pt*
-rwxrwxrwx 1 yosi yosi 922845 Mar 29 09:19 class8_idx64_iou0.68.pt*
-rwxrwxrwx 1 yosi yosi 922845 Mar 29 09:19 class8_idx65_iou0.63.pt*
-rwxrwxrwx 1 yosi yosi 922845 Mar 29 09:19 class8_idx66_iou0.83.pt*
-rwxrwxrwx 1 yosi yosi 922845 Mar 29 09:19 class8_idx67_iou0.63.pt*
-rwxrwxrwx 1 yosi yosi 922845 Mar 29 09:19 class8_idx68_iou0.60.pt*
-rwxrwxrwx 1 yosi yosi 922845 Mar 29 09:19 class8_idx69_iou0.61.pt*
-rwxrwxrwx 1 yosi yosi 922840 Mar 29 08:36 class8_idx6_iou0.64.pt*
-rwxrwxrwx 1 yosi yosi 922845 Mar 29 09:20 class8_idx70_iou0.71.pt*
-rwxrwxrwx 1 yosi yosi 922845 Mar 29 09:20 class8_idx71_iou0.62.pt*
-rwxrwxrwx 1 yosi yosi 922845 Mar 29 09:20 class8_idx72_iou0.71.pt*
-rwxrwxrwx 1 yosi yosi 922845 Mar 29 09:20 class8_idx73_iou0.66.pt*
-rwxrwxrwx 1 yosi yosi 922845 Mar 29 09:20 class8_idx74_iou0.64.pt*
-rwxrwxrwx 1 yosi yosi 922845 Mar 29 09:21 class8_idx75_iou0.70.pt*
-rwxrwxrwx 1 yosi yosi 922845 Mar 29 09:21 class8_idx76_iou0.60.pt*
-rwxrwxrwx 1 yosi yosi 922845 Mar 29 09:22 class8_idx77_iou0.96.pt*
-rwxrwxrwx 1 yosi yosi 922845 Mar 29 09:22 class8_idx78_iou0.73.pt*
-rwxrwxrwx 1 yosi yosi 922845 Mar 29 09:23 class8_idx79_iou0.64.pt*
-rwxrwxrwx 1 yosi yosi 922840 Mar 29 08:39 class8_idx7_iou0.77.pt*
-rwxrwxrwx 1 yosi yosi 922845 Mar 29 09:23 class8_idx80_iou0.65.pt*
-rwxrwxrwx 1 yosi yosi 922845 Mar 29 09:24 class8_idx81_iou0.64.pt*
-rwxrwxrwx 1 yosi yosi 922845 Mar 29 09:24 class8_idx82_iou0.92.pt*
-rwxrwxrwx 1 yosi yosi 922845 Mar 29 09:24 class8_idx83_iou0.75.pt*
-rwxrwxrwx 1 yosi yosi 922845 Mar 29 09:25 class8_idx84_iou0.77.pt*
-rwxrwxrwx 1 yosi yosi 922845 Mar 29 09:26 class8_idx85_iou0.66.pt*
-rwxrwxrwx 1 yosi yosi 922845 Mar 29 09:28 class8_idx86_iou0.61.pt*
-rwxrwxrwx 1 yosi yosi 922845 Mar 29 09:29 class8_idx87_iou0.76.pt*
-rwxrwxrwx 1 yosi yosi 922845 Mar 29 09:29 class8_idx88_iou0.61.pt*
-rwxrwxrwx 1 yosi yosi 922840 Mar 29 08:39 class8_idx8_iou0.64.pt*
-rwxrwxrwx 1 yosi yosi 922840 Mar 29 08:41 class8_idx9_iou0.64.pt*
-rwxrwxrwx 1 yosi yosi 922840 Mar 29 08:32 class9_idx0_iou0.65.pt*
-rwxrwxrwx 1 yosi yosi 922845 Mar 29 08:58 class9_idx10_iou0.64.pt*
-rwxrwxrwx 1 yosi yosi 922845 Mar 29 08:59 class9_idx11_iou0.69.pt*
-rwxrwxrwx 1 yosi yosi 922845 Mar 29 09:01 class9_idx12_iou0.72.pt*
-rwxrwxrwx 1 yosi yosi 922845 Mar 29 09:02 class9_idx13_iou0.64.pt*
-rwxrwxrwx 1 yosi yosi 922845 Mar 29 09:03 class9_idx14_iou0.74.pt*
-rwxrwxrwx 1 yosi yosi 922845 Mar 29 09:08 class9_idx15_iou0.62.pt*
-rwxrwxrwx 1 yosi yosi 922845 Mar 29 09:11 class9_idx16_iou0.69.pt*
-rwxrwxrwx 1 yosi yosi 922845 Mar 29 09:11 class9_idx17_iou0.71.pt*
-rwxrwxrwx 1 yosi yosi 922845 Mar 29 09:13 class9_idx18_iou0.62.pt*
-rwxrwxrwx 1 yosi yosi 922845 Mar 29 09:14 class9_idx19_iou0.66.pt*
-rwxrwxrwx 1 yosi yosi 922840 Mar 29 08:36 class9_idx1_iou0.67.pt*
-rwxrwxrwx 1 yosi yosi 922845 Mar 29 09:15 class9_idx20_iou0.70.pt*
-rwxrwxrwx 1 yosi yosi 922845 Mar 29 09:16 class9_idx21_iou0.71.pt*
-rwxrwxrwx 1 yosi yosi 922845 Mar 29 09:17 class9_idx22_iou0.87.pt*
-rwxrwxrwx 1 yosi yosi 922845 Mar 29 09:18 class9_idx23_iou0.62.pt*
-rwxrwxrwx 1 yosi yosi 922845 Mar 29 09:19 class9_idx24_iou0.72.pt*
-rwxrwxrwx 1 yosi yosi 922845 Mar 29 09:26 class9_idx25_iou0.68.pt*
-rwxrwxrwx 1 yosi yosi 922845 Mar 29 09:30 class9_idx26_iou0.82.pt*
-rwxrwxrwx 1 yosi yosi 922845 Mar 29 09:30 class9_idx27_iou0.68.pt*
-rwxrwxrwx 1 yosi yosi 922845 Mar 29 09:30 class9_idx28_iou0.62.pt*
-rwxrwxrwx 1 yosi yosi 922840 Mar 29 08:38 class9_idx2_iou0.68.pt*
-rwxrwxrwx 1 yosi yosi 922840 Mar 29 08:38 class9_idx3_iou0.80.pt*
-rwxrwxrwx 1 yosi yosi 922840 Mar 29 08:45 class9_idx4_iou0.72.pt*
-rwxrwxrwx 1 yosi yosi 922840 Mar 29 08:47 class9_idx5_iou0.63.pt*
-rwxrwxrwx 1 yosi yosi 922840 Mar 29 08:48 class9_idx6_iou0.66.pt*
-rwxrwxrwx 1 yosi yosi 922840 Mar 29 08:48 class9_idx7_iou0.65.pt*
-rwxrwxrwx 1 yosi yosi 922840 Mar 29 08:55 class9_idx8_iou0.70.pt*
-rwxrwxrwx 1 yosi yosi 922840 Mar 29 08:57 class9_idx9_iou0.65.pt*
